# JRE version: Java(TM) SE Runtime Environment (8.0_201-b09) (build 1.8.0_201-b09)
# Java VM: Java HotSpot(TM) 64-Bit Server VM (25.201-b09 mixed mode windows-amd64 compressed oops)
Heap:
 PSYoungGen      total 138240K, used 123164K [0x00000000eb380000, 0x00000000f4780000, 0x0000000100000000)
  eden space 129536K, 88% used [0x00000000eb380000,0x00000000f234be00,0x00000000f3200000)
  from space 8704K, 99% used [0x00000000f3c00000,0x00000000f447b218,0x00000000f4480000)
  to   space 10240K, 0% used [0x00000000f3200000,0x00000000f3200000,0x00000000f3c00000)
 ParOldGen       total 44032K, used 13119K [0x00000000c1a00000, 0x00000000c4500000, 0x00000000eb380000)
  object space 44032K, 29% used [0x00000000c1a00000,0x00000000c26cfec8,0x00000000c4500000)
 Metaspace       used 19959K, capacity 20414K, committed 20736K, reserved 1067008K
  class space    used 2283K, capacity 2448K, committed 2560K, reserved 1048576K
GC Heap History (10 events):
Event: 5.170 GC heap before
{Heap before GC invocations=4 (full 0):
 PSYoungGen      total 18944K, used 18944K [0x00000000eb380000, 0x00000000ed880000, 0x0000000100000000)
  eden space 16384K, 100% used [0x00000000eb380000,0x00000000ec380000,0x00000000ec380000)
  from space 2560K, 100% used [0x00000000ec380000,0x00000000ec600000,0x00000000ec600000)
  to   space 2560K, 0% used [0x00000000ed600000,0x00000000ed600000,0x00000000ed880000)
 ParOldGen       total 44032K, used 3455K [0x00000000c1a00000, 0x00000000c4500000, 0x00000000eb380000)
  object space 44032K, 7% used [0x00000000c1a00000,0x00000000c1d5fc08,0x00000000c4500000)
 Metaspace       used 12380K, capacity 12520K, committed 12672K, reserved 1060864K
  class space    used 1546K, capacity 1636K, committed 1664K, reserved 1048576K
Event: 5.179 GC heap after
Heap after GC invocations=4 (full 0):
 PSYoungGen      total 35328K, used 2528K [0x00000000eb380000, 0x00000000ed880000, 0x0000000100000000)
  eden space 32768K, 0% used [0x00000000eb380000,0x00000000eb380000,0x00000000ed380000)
  from space 2560K, 98% used [0x00000000ed600000,0x00000000ed878040,0x00000000ed880000)
  to   space 2560K, 0% used [0x00000000ed380000,0x00000000ed380000,0x00000000ed600000)
 ParOldGen       total 44032K, used 5975K [0x00000000c1a00000, 0x00000000c4500000, 0x00000000eb380000)
  object space 44032K, 13% used [0x00000000c1a00000,0x00000000c1fd5ec0,0x00000000c4500000)
 Metaspace       used 12380K, capacity 12520K, committed 12672K, reserved 1060864K
  class space    used 1546K, capacity 1636K, committed 1664K, reserved 1048576K
}
Event: 14.037 GC heap before
{Heap before GC invocations=5 (full 0):
 PSYoungGen      total 35328K, used 35296K [0x00000000eb380000, 0x00000000ed880000, 0x0000000100000000)
  eden space 32768K, 100% used [0x00000000eb380000,0x00000000ed380000,0x00000000ed380000)
  from space 2560K, 98% used [0x00000000ed600000,0x00000000ed878040,0x00000000ed880000)
  to   space 2560K, 0% used [0x00000000ed380000,0x00000000ed380000,0x00000000ed600000)
 ParOldGen       total 44032K, used 5975K [0x00000000c1a00000, 0x00000000c4500000, 0x00000000eb380000)
  object space 44032K, 13% used [0x00000000c1a00000,0x00000000c1fd5ec0,0x00000000c4500000)
 Metaspace       used 15266K, capacity 15496K, committed 15616K, reserved 1062912K
  class space    used 1865K, capacity 1972K, committed 2048K, reserved 1048576K
Event: 14.059 GC heap after
Heap after GC invocations=5 (full 0):
 PSYoungGen      total 35328K, used 2544K [0x00000000eb380000, 0x00000000f0280000, 0x0000000100000000)
  eden space 32768K, 0% used [0x00000000eb380000,0x00000000eb380000,0x00000000ed380000)
  from space 2560K, 99% used [0x00000000ed380000,0x00000000ed5fc010,0x00000000ed600000)
  to   space 7680K, 0% used [0x00000000efb00000,0x00000000efb00000,0x00000000f0280000)
 ParOldGen       total 44032K, used 10578K [0x00000000c1a00000, 0x00000000c4500000, 0x00000000eb380000)
  object space 44032K, 24% used [0x00000000c1a00000,0x00000000c2454a88,0x00000000c4500000)
 Metaspace       used 15266K, capacity 15496K, committed 15616K, reserved 1062912K
  class space    used 1865K, capacity 1972K, committed 2048K, reserved 1048576K
}
Event: 14.652 GC heap before
{Heap before GC invocations=6 (full 0):
 PSYoungGen      total 35328K, used 35312K [0x00000000eb380000, 0x00000000f0280000, 0x0000000100000000)
  eden space 32768K, 100% used [0x00000000eb380000,0x00000000ed380000,0x00000000ed380000)
  from space 2560K, 99% used [0x00000000ed380000,0x00000000ed5fc010,0x00000000ed600000)
  to   space 7680K, 0% used [0x00000000efb00000,0x00000000efb00000,0x00000000f0280000)
 ParOldGen       total 44032K, used 10578K [0x00000000c1a00000, 0x00000000c4500000, 0x00000000eb380000)
  object space 44032K, 24% used [0x00000000c1a00000,0x00000000c2454a88,0x00000000c4500000)
 Metaspace       used 15541K, capacity 15776K, committed 15872K, reserved 1062912K
  class space    used 1870K, capacity 1976K, committed 2048K, reserved 1048576K
Event: 14.670 GC heap after
Heap after GC invocations=6 (full 0):
 PSYoungGen      total 72192K, used 4608K [0x00000000eb380000, 0x00000000f0180000, 0x0000000100000000)
  eden space 65536K, 0% used [0x00000000eb380000,0x00000000eb380000,0x00000000ef380000)
  from space 6656K, 69% used [0x00000000efb00000,0x00000000eff80020,0x00000000f0180000)
  to   space 7168K, 0% used [0x00000000ef380000,0x00000000ef380000,0x00000000efa80000)
 ParOldGen       total 44032K, used 10586K [0x00000000c1a00000, 0x00000000c4500000, 0x00000000eb380000)
  object space 44032K, 24% used [0x00000000c1a00000,0x00000000c2456a88,0x00000000c4500000)
 Metaspace       used 15541K, capacity 15776K, committed 15872K, reserved 1062912K
  class space    used 1870K, capacity 1976K, committed 2048K, reserved 1048576K
}
Event: 24.015 GC heap before
{Heap before GC invocations=7 (full 0):
 PSYoungGen      total 72192K, used 70144K [0x00000000eb380000, 0x00000000f0180000, 0x0000000100000000)
  eden space 65536K, 100% used [0x00000000eb380000,0x00000000ef380000,0x00000000ef380000)
  from space 6656K, 69% used [0x00000000efb00000,0x00000000eff80020,0x00000000f0180000)
  to   space 7168K, 0% used [0x00000000ef380000,0x00000000ef380000,0x00000000efa80000)
 ParOldGen       total 44032K, used 10586K [0x00000000c1a00000, 0x00000000c4500000, 0x00000000eb380000)
  object space 44032K, 24% used [0x00000000c1a00000,0x00000000c2456a88,0x00000000c4500000)
 Metaspace       used 17129K, capacity 17594K, committed 17792K, reserved 1064960K
  class space    used 2001K, capacity 2155K, committed 2176K, reserved 1048576K
Event: 24.036 GC heap after
Heap after GC invocations=7 (full 0):
 PSYoungGen      total 72704K, used 7168K [0x00000000eb380000, 0x00000000f4480000, 0x0000000100000000)
  eden space 65536K, 0% used [0x00000000eb380000,0x00000000eb380000,0x00000000ef380000)
  from space 7168K, 100% used [0x00000000ef380000,0x00000000efa80000,0x00000000efa80000)
  to   space 8704K, 0% used [0x00000000f3c00000,0x00000000f3c00000,0x00000000f4480000)
 ParOldGen       total 44032K, used 11974K [0x00000000c1a00000, 0x00000000c4500000, 0x00000000eb380000)
  object space 44032K, 27% used [0x00000000c1a00000,0x00000000c25b1be8,0x00000000c4500000)
 Metaspace       used 17129K, capacity 17594K, committed 17792K, reserved 1064960K
  class space    used 2001K, capacity 2155K, committed 2176K, reserved 1048576K
}
Event: 27.687 GC heap before
{Heap before GC invocations=8 (full 0):
 PSYoungGen      total 72704K, used 72704K [0x00000000eb380000, 0x00000000f4480000, 0x0000000100000000)
  eden space 65536K, 100% used [0x00000000eb380000,0x00000000ef380000,0x00000000ef380000)
  from space 7168K, 100% used [0x00000000ef380000,0x00000000efa80000,0x00000000efa80000)
  to   space 8704K, 0% used [0x00000000f3c00000,0x00000000f3c00000,0x00000000f4480000)
 ParOldGen       total 44032K, used 11974K [0x00000000c1a00000, 0x00000000c4500000, 0x00000000eb380000)
  object space 44032K, 27% used [0x00000000c1a00000,0x00000000c25b1be8,0x00000000c4500000)
 Metaspace       used 18602K, capacity 19070K, committed 19200K, reserved 1067008K
  class space    used 2127K, capacity 2256K, committed 2304K, reserved 1048576K
Event: 27.711 GC heap after
Heap after GC invocations=8 (full 0):
 PSYoungGen      total 138240K, used 8684K [0x00000000eb380000, 0x00000000f4780000, 0x0000000100000000)
  eden space 129536K, 0% used [0x00000000eb380000,0x00000000eb380000,0x00000000f3200000)
  from space 8704K, 99% used [0x00000000f3c00000,0x00000000f447b218,0x00000000f4480000)
  to   space 10240K, 0% used [0x00000000f3200000,0x00000000f3200000,0x00000000f3c00000)
 ParOldGen       total 44032K, used 13119K [0x00000000c1a00000, 0x00000000c4500000, 0x00000000eb380000)
  object space 44032K, 29% used [0x00000000c1a00000,0x00000000c26cfec8,0x00000000c4500000)
 Metaspace       used 18602K, capacity 19070K, committed 19200K, reserved 1067008K
  class space    used 2127K, capacity 2256K, committed 2304K, reserved 1048576K
}

