# JRE version: Java(TM) SE Runtime Environment (8.0_201-b09) (build 1.8.0_201-b09)
# Java VM: Java HotSpot(TM) 64-Bit Server VM (25.201-b09 mixed mode windows-amd64 compressed oops)
Heap:
 PSYoungGen      total 22528K, used 16402K [0x00000000eb380000, 0x00000000ecf80000, 0x0000000100000000)
  eden space 16384K, 97% used [0x00000000eb380000,0x00000000ec320b98,0x00000000ec380000)
  from space 6144K, 6% used [0x00000000ec380000,0x00000000ec3e4030,0x00000000ec980000)
  to   space 3584K, 0% used [0x00000000ecc00000,0x00000000ecc00000,0x00000000ecf80000)
 ParOldGen       total 44032K, used 9529K [0x00000000c1a00000, 0x00000000c4500000, 0x00000000eb380000)
  object space 44032K, 21% used [0x00000000c1a00000,0x00000000c234e4f0,0x00000000c4500000)
 Metaspace       used 17346K, capacity 18400K, committed 18688K, reserved 1064960K
  class space    used 2202K, capacity 2464K, committed 2560K, reserved 1048576K
GC Heap History (10 events):
Event: 11.817 GC heap before
{Heap before GC invocations=5 (full 0):
 PSYoungGen      total 18944K, used 18928K [0x00000000eb380000, 0x00000000ed880000, 0x0000000100000000)
  eden space 16384K, 100% used [0x00000000eb380000,0x00000000ec380000,0x00000000ec380000)
  from space 2560K, 99% used [0x00000000ed600000,0x00000000ed87c080,0x00000000ed880000)
  to   space 2560K, 0% used [0x00000000ec380000,0x00000000ec380000,0x00000000ec600000)
 ParOldGen       total 44032K, used 5996K [0x00000000c1a00000, 0x00000000c4500000, 0x00000000eb380000)
  object space 44032K, 13% used [0x00000000c1a00000,0x00000000c1fdb100,0x00000000c4500000)
 Metaspace       used 16792K, capacity 17756K, committed 18048K, reserved 1064960K
  class space    used 2125K, capacity 2364K, committed 2432K, reserved 1048576K
Event: 11.858 GC heap after
Heap after GC invocations=5 (full 0):
 PSYoungGen      total 18944K, used 2528K [0x00000000eb380000, 0x00000000ed680000, 0x0000000100000000)
  eden space 16384K, 0% used [0x00000000eb380000,0x00000000eb380000,0x00000000ec380000)
  from space 2560K, 98% used [0x00000000ec380000,0x00000000ec5f8050,0x00000000ec600000)
  to   space 5632K, 0% used [0x00000000ed100000,0x00000000ed100000,0x00000000ed680000)
 ParOldGen       total 44032K, used 7049K [0x00000000c1a00000, 0x00000000c4500000, 0x00000000eb380000)
  object space 44032K, 16% used [0x00000000c1a00000,0x00000000c20e26c8,0x00000000c4500000)
 Metaspace       used 16792K, capacity 17756K, committed 18048K, reserved 1064960K
  class space    used 2125K, capacity 2364K, committed 2432K, reserved 1048576K
}
Event: 39.199 GC heap before
{Heap before GC invocations=6 (full 0):
 PSYoungGen      total 18944K, used 18912K [0x00000000eb380000, 0x00000000ed680000, 0x0000000100000000)
  eden space 16384K, 100% used [0x00000000eb380000,0x00000000ec380000,0x00000000ec380000)
  from space 2560K, 98% used [0x00000000ec380000,0x00000000ec5f8050,0x00000000ec600000)
  to   space 5632K, 0% used [0x00000000ed100000,0x00000000ed100000,0x00000000ed680000)
 ParOldGen       total 44032K, used 7049K [0x00000000c1a00000, 0x00000000c4500000, 0x00000000eb380000)
  object space 44032K, 16% used [0x00000000c1a00000,0x00000000c20e26c8,0x00000000c4500000)
 Metaspace       used 16792K, capacity 17756K, committed 18048K, reserved 1064960K
  class space    used 2125K, capacity 2364K, committed 2432K, reserved 1048576K
Event: 39.215 GC heap after
Heap after GC invocations=6 (full 0):
 PSYoungGen      total 18944K, used 2528K [0x00000000eb380000, 0x00000000ed380000, 0x0000000100000000)
  eden space 16384K, 0% used [0x00000000eb380000,0x00000000eb380000,0x00000000ec380000)
  from space 2560K, 98% used [0x00000000ed100000,0x00000000ed378040,0x00000000ed380000)
  to   space 5632K, 0% used [0x00000000ec880000,0x00000000ec880000,0x00000000ece00000)
 ParOldGen       total 44032K, used 7049K [0x00000000c1a00000, 0x00000000c4500000, 0x00000000eb380000)
  object space 44032K, 16% used [0x00000000c1a00000,0x00000000c20e26c8,0x00000000c4500000)
 Metaspace       used 16792K, capacity 17756K, committed 18048K, reserved 1064960K
  class space    used 2125K, capacity 2364K, committed 2432K, reserved 1048576K
}
Event: 82.765 GC heap before
{Heap before GC invocations=7 (full 0):
 PSYoungGen      total 18944K, used 18912K [0x00000000eb380000, 0x00000000ed380000, 0x0000000100000000)
  eden space 16384K, 100% used [0x00000000eb380000,0x00000000ec380000,0x00000000ec380000)
  from space 2560K, 98% used [0x00000000ed100000,0x00000000ed378040,0x00000000ed380000)
  to   space 5632K, 0% used [0x00000000ec880000,0x00000000ec880000,0x00000000ece00000)
 ParOldGen       total 44032K, used 7049K [0x00000000c1a00000, 0x00000000c4500000, 0x00000000eb380000)
  object space 44032K, 16% used [0x00000000c1a00000,0x00000000c20e26c8,0x00000000c4500000)
 Metaspace       used 17209K, capacity 18304K, committed 18432K, reserved 1064960K
  class space    used 2185K, capacity 2454K, committed 2560K, reserved 1048576K
Event: 82.773 GC heap after
Heap after GC invocations=7 (full 0):
 PSYoungGen      total 18944K, used 2192K [0x00000000eb380000, 0x00000000ed180000, 0x0000000100000000)
  eden space 16384K, 0% used [0x00000000eb380000,0x00000000eb380000,0x00000000ec380000)
  from space 2560K, 85% used [0x00000000ec880000,0x00000000ecaa4060,0x00000000ecb00000)
  to   space 5632K, 0% used [0x00000000ecc00000,0x00000000ecc00000,0x00000000ed180000)
 ParOldGen       total 44032K, used 7905K [0x00000000c1a00000, 0x00000000c4500000, 0x00000000eb380000)
  object space 44032K, 17% used [0x00000000c1a00000,0x00000000c21b87e8,0x00000000c4500000)
 Metaspace       used 17209K, capacity 18304K, committed 18432K, reserved 1064960K
  class space    used 2185K, capacity 2454K, committed 2560K, reserved 1048576K
}
Event: 94.501 GC heap before
{Heap before GC invocations=8 (full 0):
 PSYoungGen      total 18944K, used 18576K [0x00000000eb380000, 0x00000000ed180000, 0x0000000100000000)
  eden space 16384K, 100% used [0x00000000eb380000,0x00000000ec380000,0x00000000ec380000)
  from space 2560K, 85% used [0x00000000ec880000,0x00000000ecaa4060,0x00000000ecb00000)
  to   space 5632K, 0% used [0x00000000ecc00000,0x00000000ecc00000,0x00000000ed180000)
 ParOldGen       total 44032K, used 7905K [0x00000000c1a00000, 0x00000000c4500000, 0x00000000eb380000)
  object space 44032K, 17% used [0x00000000c1a00000,0x00000000c21b87e8,0x00000000c4500000)
 Metaspace       used 17338K, capacity 18400K, committed 18688K, reserved 1064960K
  class space    used 2201K, capacity 2464K, committed 2560K, reserved 1048576K
Event: 94.506 GC heap after
Heap after GC invocations=8 (full 0):
 PSYoungGen      total 19968K, used 567K [0x00000000eb380000, 0x00000000ecf80000, 0x0000000100000000)
  eden space 16384K, 0% used [0x00000000eb380000,0x00000000eb380000,0x00000000ec380000)
  from space 3584K, 15% used [0x00000000ecc00000,0x00000000ecc8deb8,0x00000000ecf80000)
  to   space 6144K, 0% used [0x00000000ec380000,0x00000000ec380000,0x00000000ec980000)
 ParOldGen       total 44032K, used 9361K [0x00000000c1a00000, 0x00000000c4500000, 0x00000000eb380000)
  object space 44032K, 21% used [0x00000000c1a00000,0x00000000c23244a0,0x00000000c4500000)
 Metaspace       used 17338K, capacity 18400K, committed 18688K, reserved 1064960K
  class space    used 2201K, capacity 2464K, committed 2560K, reserved 1048576K
}
Event: 94.767 GC heap before
{Heap before GC invocations=9 (full 0):
 PSYoungGen      total 19968K, used 16951K [0x00000000eb380000, 0x00000000ecf80000, 0x0000000100000000)
  eden space 16384K, 100% used [0x00000000eb380000,0x00000000ec380000,0x00000000ec380000)
  from space 3584K, 15% used [0x00000000ecc00000,0x00000000ecc8deb8,0x00000000ecf80000)
  to   space 6144K, 0% used [0x00000000ec380000,0x00000000ec380000,0x00000000ec980000)
 ParOldGen       total 44032K, used 9361K [0x00000000c1a00000, 0x00000000c4500000, 0x00000000eb380000)
  object space 44032K, 21% used [0x00000000c1a00000,0x00000000c23244a0,0x00000000c4500000)
 Metaspace       used 17339K, capacity 18400K, committed 18688K, reserved 1064960K
  class space    used 2202K, capacity 2464K, committed 2560K, reserved 1048576K
Event: 94.794 GC heap after
Heap after GC invocations=9 (full 0):
 PSYoungGen      total 22528K, used 400K [0x00000000eb380000, 0x00000000ecf80000, 0x0000000100000000)
  eden space 16384K, 0% used [0x00000000eb380000,0x00000000eb380000,0x00000000ec380000)
  from space 6144K, 6% used [0x00000000ec380000,0x00000000ec3e4030,0x00000000ec980000)
  to   space 3584K, 0% used [0x00000000ecc00000,0x00000000ecc00000,0x00000000ecf80000)
 ParOldGen       total 44032K, used 9529K [0x00000000c1a00000, 0x00000000c4500000, 0x00000000eb380000)
  object space 44032K, 21% used [0x00000000c1a00000,0x00000000c234e4f0,0x00000000c4500000)
 Metaspace       used 17339K, capacity 18400K, committed 18688K, reserved 1064960K
  class space    used 2202K, capacity 2464K, committed 2560K, reserved 1048576K
}

